imagepicker/build/outputs/logs/manifest-merger-debug-report.txt
-- Merging decision tree log ---
manifest
ADDED from src\main\AndroidManifest.xml:1:1-11:12
INJECTED from src\main\AndroidManifest.xml:1:1-11:12
INJECTED from src\main\AndroidManifest.xml:1:1-11:12
	package
		ADDED from src\main\AndroidManifest.xml:2:5-47
		INJECTED from src\main\AndroidManifest.xml
		INJECTED from src\main\AndroidManifest.xml
	xmlns:android
		ADDED from src\main\AndroidManifest.xml:1:11-69
uses-permission#android.permission.READ_EXTERNAL_STORAGE
ADDED from src\main\AndroidManifest.xml:4:5-80
	android:name
		ADDED from src\main\AndroidManifest.xml:4:22-77
application
ADDED from src\main\AndroidManifest.xml:5:5-10:19
	android:allowBackup
		ADDED from src\main\AndroidManifest.xml:5:18-44
activity#net.yazeed44.imagepicker.ui.PickerActivity
ADDED from src\main\AndroidManifest.xml:6:9-79
	android:name
		ADDED from src\main\AndroidManifest.xml:6:19-76
service#net.yazeed44.imagepicker.util.OfflineSpiceService
ADDED from src\main\AndroidManifest.xml:7:9-9:40
	android:exported
		ADDED from src\main\AndroidManifest.xml:9:13-37
	android:name
		ADDED from src\main\AndroidManifest.xml:8:13-77
uses-sdk
INJECTED from src\main\AndroidManifest.xml reason: use-sdk injection requested
INJECTED from src\main\AndroidManifest.xml
INJECTED from src\main\AndroidManifest.xml
INJECTED from src\main\AndroidManifest.xml
INJECTED from src\main\AndroidManifest.xml
	android:targetSdkVersion
		INJECTED from src\main\AndroidManifest.xml
		ADDED from src\main\AndroidManifest.xml
		INJECTED from src\main\AndroidManifest.xml
	android:minSdkVersion
		INJECTED from src\main\AndroidManifest.xml
		ADDED from src\main\AndroidManifest.xml
		INJECTED from src\main\AndroidManifest.xml